*** Using Compiler 'V5.06 update 7 (build 960)', folder: 'E:\Keil\ARM\ARMCC\Bin'
Rebuild target 'OneLastCarIn2025'
assembling startup_stm32h723xx.s...
compiling stm32h7xx_hal_gpio.c...
compiling stm32h7xx_hal_timebase_tim.c...
compiling croutine.c...
compiling event_groups.c...
compiling list.c...
compiling dma.c...
compiling memorymap.c...
compiling queue.c...
compiling stream_buffer.c...
compiling tasks.c...
compiling timers.c...
compiling stm32h7xx_hal_rcc.c...
compiling freertos.c...
compiling stm32h7xx_hal_exti.c...
compiling heap_4.c...
compiling port.c...
compiling stm32h7xx_hal_cortex.c...
compiling stm32h7xx_hal_dma_ex.c...
compiling stm32h7xx_hal_uart_ex.c...
compiling stm32h7xx_hal_pwr.c...
compiling stm32h7xx_hal_i2c_ex.c...
compiling stm32h7xx_hal_pwr_ex.c...
compiling stm32h7xx_hal_mdma.c...
compiling stm32h7xx_hal.c...
compiling stm32h7xx_hal_i2c.c...
compiling gpio.c...
compiling stm32h7xx_it.c...
compiling tim.c...
compiling Filter.c...
compiling stm32h7xx_hal_msp.c...
compiling stm32h7xx_hal_flash.c...
compiling stm32h7xx_hal_tim_ex.c...
compiling fdcan.c...
compiling stm32h7xx_hal_flash_ex.c...
compiling stm32h7xx_hal_fdcan.c...
compiling stm32h7xx_hal_rcc_ex.c...
compiling main.c...
../Core/Src/main.c(264): warning:  #188-D: enumerated type mixed with another type
      Trigger_Angle = testaaa;
../Core/Src/main.c: 1 warning, 0 errors
compiling stm32h7xx_hal_tim.c...
compiling stm32h7xx_hal_uart.c...
compiling usart.c...
compiling stm32h7xx_hal_hsem.c...
compiling system_stm32h7xx.c...
compiling stm32h7xx_hal_dma.c...
compiling ANO_TC.c...
compiling Bluetooth.c...
compiling Chassis.c...
compiling disk.c...
compiling myusart.c...
compiling cmsis_os2.c...
compiling pid.c...
compiling return_data_process.c...
compiling VESC.c...
compiling mycan.c...
compiling Computer_Vision.c...
compiling Teaching_Pendant.c...
compiling route.c...
compiling A1_Motor.c...
compiling VESC_NEW.c...
compiling shangceng.c...
linking...
Program Size: Code=57568 RO-data=2116 RW-data=416 ZI-data=25416  
FromELF: creating hex file...
"OneLastCarIn2025\OneLastCarIn2025.axf" - 0 Error(s), 1 Warning(s).
Build Time Elapsed:  00:00:29
